[14:56:13] [ServerMain/INFO]: Environment: authHost='https://authserver.mojang.com', accountsHost='https://api.mojang.com', sessionHost='https://sessionserver.mojang.com', servicesHost='https://api.minecraftservices.com', name='PROD'
[14:56:15] [ServerMain/INFO]: Loaded 7 recipes
[14:56:15] [Server thread/INFO]: Starting minecraft server version 1.20.1
[14:56:15] [Server thread/WARN]: ****************************
[14:56:15] [Server thread/WARN]: YOU ARE RUNNING THIS SERVER AS AN ADMINISTRATIVE OR ROOT USER. THIS IS NOT ADVISED.
[14:56:15] [Server thread/WARN]: YOU ARE OPENING YOURSELF UP TO POTENTIAL RISKS WHEN DOING THIS.
[14:56:15] [Server thread/WARN]: FOR MORE INFORMATION, SEE https://madelinemiller.dev/blog/root-minecraft-server/
[14:56:15] [Server thread/WARN]: ****************************
[14:56:15] [Server thread/INFO]: Loading properties
[14:56:15] [Server thread/INFO]: This server is running Paper version git-Paper-196 (MC: 1.20.1) (Implementing API version 1.20.1-R0.1-SNAPSHOT) (Git: 773dd72)
[14:56:16] [Server thread/INFO]: Using 4 threads for Netty based IO
[14:56:16] [Server thread/INFO]: Server Ping Player Sample Count: 12
[14:56:16] [Server thread/WARN]: [!] The timings profiler has been enabled but has been scheduled for removal from Paper in the future.
    We recommend installing the spark profiler as a replacement: https://spark.lucko.me/
    For more information please visit: https://github.com/PaperMC/Paper/issues/8948
[14:56:16] [Server thread/INFO]: [ChunkTaskScheduler] Chunk system is using 1 I/O threads, 2 worker threads, and gen parallelism of 2 threads
[14:56:16] [Server thread/INFO]: Default game type: SURVIVAL
[14:56:16] [Server thread/INFO]: Generating keypair
[14:56:17] [Server thread/INFO]: Starting Minecraft server on *:25565
[14:56:17] [Server thread/INFO]: Using default channel type
[14:56:17] [Server thread/INFO]: Paper: Using Java compression from Velocity.
[14:56:17] [Server thread/INFO]: Paper: Using Java cipher from Velocity.
[14:56:18] [Server thread/INFO]: [Slimefun] Loading server plugin Slimefun vDEV - 1104 (git c977454e)
[14:56:18] [Server thread/INFO]: [SlimyTreeTaps] Loading server plugin SlimyTreeTaps vDEV - 20 (git 963f0383)
[14:56:18] [Server thread/INFO]: [LiteXpansion] Loading server plugin LiteXpansion vDEV - 192 (git 661862ed)
[14:56:18] [Server thread/INFO]: [Netheopoiesis] Loading server plugin Netheopoiesis vDEV - 18 (git 9d12cc6f)
[14:56:18] [Server thread/INFO]: [InfinityExpansion] Loading server plugin InfinityExpansion vDEV - 144 (git 9da37202)
[14:56:18] [Server thread/INFO]: [Networks] Loading server plugin Networks vDEV - 50 (git 3de3c9d6)
[14:56:18] [Server thread/INFO]: [ExoticGarden] Loading server plugin ExoticGarden vDEV - 78 (git 7f9a5f63)
[14:56:18] [Server thread/INFO]: [SimpleStorage] Loading server plugin SimpleStorage vDEV - 10 (git ea5e5637)
[14:56:18] [Server thread/INFO]: [FluffyMachines] Loading server plugin FluffyMachines vDEV - 132 (git ccf029ba)
[14:56:18] [Server thread/INFO]: [ColoredEnderChests] Loading server plugin ColoredEnderChests vDEV - 23 (git 4d041832)
[14:56:18] [Server thread/INFO]: [FlowerPower] Loading server plugin FlowerPower vDEV - 16 (git 5a38d1c6)
[14:56:18] [Server thread/INFO]: [SlimeTinker] Loading server plugin SlimeTinker vDEV - 84 (git 2c9f6155)
[14:56:18] [Server thread/INFO]: [PrivateStorage] Loading server plugin PrivateStorage vDEV - 18 (git 5832db21)
[14:56:18] [Server thread/INFO]: [MobCapturer] Loading server plugin MobCapturer vDEV - 33 (git 6fc26c35)
[14:56:18] [Server thread/INFO]: [SoulJars] Loading server plugin SoulJars vDEV - 24 (git 78d1c6fa)
[14:56:18] [Server thread/INFO]: [ExtraHeads] Loading server plugin ExtraHeads vDEV - 25 (git 8c29f73a)
[14:56:18] [Server thread/INFO]: [SimpleUtils] Loading server plugin SimpleUtils vDEV - 15 (git 4250fd5e)
[14:56:18] [Server thread/INFO]: [ElectricSpawners] Loading server plugin ElectricSpawners vDEV - 23 (git 6ec96773)
[14:56:18] [Server thread/INFO]: [DankTech2] Loading server plugin DankTech2 vDEV - 9 (git aa6c2209)
[14:56:18] [Server thread/INFO]: [ExtraGear] Loading server plugin ExtraGear vDEV - 13 (git c62047e2)
[14:56:18] [Server thread/INFO]: [EcoPower] Loading server plugin EcoPower vDEV - 5 (git 5c1ecd68)
[14:56:18] [Server thread/INFO]: [HotbarPets] Loading server plugin HotbarPets vDEV - 38 (git fa6c871d)
[14:56:18] [Server thread/INFO]: [SlimefunOreChunks] Loading server plugin SlimefunOreChunks vDEV - 15 (git 2520cb23)
[14:56:18] [Server thread/INFO]: [FoxyMachines] Loading server plugin FoxyMachines vDEV - 67 (git 0028aa93)
[14:56:18] [Server thread/INFO]: [DyedBackpacks] Loading server plugin DyedBackpacks vDEV - 17 (git 8b329e96)
[14:56:18] [Server thread/INFO]: [Supreme] Loading server plugin Supreme vDEV - 29 (git f9e70053)
[14:56:18] [Server thread/INFO]: [SlimeHUD] Loading server plugin SlimeHUD vDEV - 11 (git b6dc2d53)
[14:56:18] [Server thread/INFO]: [SfChunkInfo] Loading server plugin SfChunkInfo vDEV - 8 (git b1b94abb)
[14:56:18] [Server thread/INFO]: [SensibleToolbox] Loading server plugin SensibleToolbox vUNOFFICIAL
[14:56:18] [Server thread/INFO]: [Quaptics] Loading server plugin Quaptics vDEV - 4 (git cbc2e78e)
[14:56:18] [Server thread/INFO]: [SlimefunLuckyBlocks] Loading server plugin SlimefunLuckyBlocks vDEV - 36 (git 60f0c8dc)
[14:56:18] [Server thread/INFO]: [EMCTech] Loading server plugin EMCTech vDEV - 5 (git c61222fb)
[14:56:18] [Server thread/INFO]: [BetterReactor] Loading server plugin BetterReactor vDEV - 11 (git 88a98d28)
[14:56:18] [Server thread/INFO]: [AdvancedTech] Loading server plugin AdvancedTech vDEV - 19 (git c133bfdd)
[14:56:18] [Server thread/INFO]: Server permissions file permissions.yml is empty, ignoring it
[14:56:18] [Server thread/WARN]: **** SERVER IS RUNNING IN OFFLINE/INSECURE MODE!
[14:56:18] [Server thread/WARN]: The server will make no attempt to authenticate usernames. Beware.
[14:56:18] [Server thread/WARN]: While this makes the game possible to play without internet access, it also opens up the ability for hackers to connect with any username they choose.
[14:56:18] [Server thread/WARN]: To change this, set "online-mode" to "true" in the server.properties file.
[14:56:18] [Server thread/INFO]: Preparing level "world"
[14:56:19] [Server thread/INFO]: Preparing start region for dimension minecraft:overworld
[14:56:19] [Server thread/INFO]: Time elapsed: 276 ms
[14:56:19] [Server thread/INFO]: Preparing start region for dimension minecraft:the_nether
[14:56:19] [Server thread/INFO]: Time elapsed: 32 ms
[14:56:19] [Server thread/INFO]: Preparing start region for dimension minecraft:the_end
[14:56:19] [Server thread/INFO]: Time elapsed: 24 ms
[14:56:19] [Server thread/INFO]: [Slimefun] Enabling Slimefun vDEV - 1104 (git c977454e)
[14:56:19] [Server thread/INFO]: [Slimefun] Paper was detected! Performance optimizations have been applied.
[14:56:19] [Server thread/INFO]: [Slimefun] Creating directories...
[14:56:19] [Server thread/INFO]: [Slimefun] Loading language files...
[14:56:20] [Server thread/INFO]: [Slimefun] Loaded language "en"
[14:56:20] [Server thread/INFO]: [Slimefun] Available languages: en, de, fr, it, es, ru, pl, uk, sv, nl, da, cs, ro, bg, pt, pt-BR, hu, lv, sk, vi, id, zh-CN, zh-TW, ja, ko, he, ar, tr, fa, th, tl
[14:56:20] [Server thread/INFO]: [Slimefun] Starting Auto-Updater...
[14:56:20] [Server thread/INFO]: [Slimefun] Loading GEO-Resources...
[14:56:20] [Server thread/INFO]: [Slimefun] Loading Tags...
[14:56:20] [Server thread/INFO]: [Slimefun] Loading items...
[14:56:22] [Server thread/INFO]: [Slimefun] Loading researches...
[14:56:22] [Server thread/INFO]: [Slimefun] Loading Wiki pages...
[14:56:22] [Server thread/INFO]: [Slimefun] Registering listeners...
[14:56:22] [Server thread/INFO]: [Slimefun] Loading Third-Party plugin integrations...
[14:56:22] [Server thread/INFO]: [Slimefun] Slimefun has finished loading in 2.88s
[14:56:22] [Server thread/INFO]: [SlimyTreeTaps] Enabling SlimyTreeTaps vDEV - 20 (git 963f0383)
[14:56:22] [Server thread/INFO]: [LiteXpansion] Enabling LiteXpansion vDEV - 192 (git 661862ed)
[14:56:22] [Server thread/INFO]: [LiteXpansion] Loaded 35 UU-Matter recipes
[14:56:22] [Server thread/INFO]: [Netheopoiesis] Enabling Netheopoiesis vDEV - 18 (git 9d12cc6f)
[14:56:22] [Server thread/INFO]: [Netheopoiesis] ########################################
[14:56:22] [Server thread/INFO]: [Netheopoiesis]     Netheopoiesis by Sefiraat, J3fftw   
[14:56:22] [Server thread/INFO]: [Netheopoiesis] ########################################
[14:56:23] [Server thread/WARN]: Plugin 'Netheopoiesis' is creating timing 'Commands' - this is deprecated behavior, please report it to the authors: Sefiraat, J3fftw
[14:56:23] [Server thread/INFO]: [Netheopoiesis] [ACF] Enabled Asynchronous Tab Completion Support!
[14:56:23] [Server thread/WARN]: Plugin 'Netheopoiesis' is creating timing 'Command: netheopoiesis purgemobcap' - this is deprecated behavior, please report it to the authors: Sefiraat, J3fftw
[14:56:23] [Server thread/WARN]: Plugin 'Netheopoiesis' is creating timing 'Command: netheopoiesis purgeallmobcap' - this is deprecated behavior, please report it to the authors: Sefiraat, J3fftw
[14:56:23] [Server thread/WARN]: Plugin 'Netheopoiesis' is creating timing 'Command: netheopoiesis mobcaps' - this is deprecated behavior, please report it to the authors: Sefiraat, J3fftw
[14:56:23] [Server thread/WARN]: Plugin 'Netheopoiesis' is creating timing 'Command: netheopoiesis' - this is deprecated behavior, please report it to the authors: Sefiraat, J3fftw
[14:56:23] [Server thread/INFO]: [InfinityExpansion] Enabling InfinityExpansion vDEV - 144 (git 9da37202)
[14:56:23] [Server thread/INFO]: [Networks] Enabling Networks vDEV - 50 (git 3de3c9d6)
[14:56:23] [Server thread/INFO]: [Networks] ########################################
[14:56:23] [Server thread/INFO]: [Networks]          Networks - By Sefiraat         
[14:56:23] [Server thread/INFO]: [Networks] ########################################
[14:56:23] [Server thread/INFO]: [ExoticGarden] Enabling ExoticGarden vDEV - 78 (git 7f9a5f63)
[14:56:24] [Server thread/INFO]: [SimpleStorage] Enabling SimpleStorage vDEV - 10 (git ea5e5637)
[14:56:24] [Server thread/INFO]: [SimpleStorage] ########################################
[14:56:24] [Server thread/INFO]: [SimpleStorage]   SimpleStorage - Created by Sefiraat   
[14:56:24] [Server thread/INFO]: [SimpleStorage] ########################################
[14:56:24] [Server thread/INFO]: [FluffyMachines] Enabling FluffyMachines vDEV - 132 (git ccf029ba)
[14:56:24] [Server thread/INFO]: [FluffyMachines] §aHi there! Want to share your server with the Slimefun community?
[14:56:24] [Server thread/INFO]: [FluffyMachines] §aJoin the official Slimefun Discord server at https://discord.gg/slimefun
[14:56:24] [Server thread/INFO]: [ColoredEnderChests] Enabling ColoredEnderChests vDEV - 23 (git 4d041832)
[14:56:26] [Server thread/INFO]: [FlowerPower] Enabling FlowerPower vDEV - 16 (git 5a38d1c6)
[14:56:26] [Server thread/INFO]: [SlimeTinker] Enabling SlimeTinker vDEV - 84 (git 2c9f6155)
[14:56:26] [Server thread/INFO]: [SlimeTinker] ########################################
[14:56:26] [Server thread/INFO]: [SlimeTinker]    Slime Tinker - Created by Sefiraat   
[14:56:26] [Server thread/INFO]: [SlimeTinker] ########################################
[14:56:27] [Server thread/WARN]: Plugin 'SlimeTinker' is creating timing 'Commands' - this is deprecated behavior, please report it to the authors: Sefiraat
[14:56:27] [Server thread/INFO]: [SlimeTinker] [ACF] Enabled Asynchronous Tab Completion Support!
[14:56:27] [Server thread/WARN]: Plugin 'SlimeTinker' is creating timing 'Command: slimetinker addexp' - this is deprecated behavior, please report it to the authors: Sefiraat
[14:56:27] [Server thread/WARN]: Plugin 'SlimeTinker' is creating timing 'Command: slimetinker' - this is deprecated behavior, please report it to the authors: Sefiraat
[14:56:27] [Server thread/WARN]: Plugin 'SlimeTinker' is creating timing 'Command: slimetinker generateitem tool' - this is deprecated behavior, please report it to the authors: Sefiraat
[14:56:27] [Server thread/WARN]: Plugin 'SlimeTinker' is creating timing 'Command: slimetinker generateitem armour' - this is deprecated behavior, please report it to the authors: Sefiraat
[14:56:27] [Server thread/INFO]: [PrivateStorage] Enabling PrivateStorage vDEV - 18 (git 5832db21)
[14:56:27] [Server thread/INFO]: [MobCapturer] Enabling MobCapturer vDEV - 33 (git 6fc26c35)
[14:56:27] [Server thread/INFO]: [SoulJars] Enabling SoulJars vDEV - 24 (git 78d1c6fa)
[14:56:27] [Server thread/WARN]: [SoulJars] IllegalArgumentException: Possibly invalid mob type: PIG_ZOMBIE
[14:56:27] [Server thread/INFO]: [ExtraHeads] Enabling ExtraHeads vDEV - 25 (git 8c29f73a)
[14:56:27] [Server thread/INFO]: [SimpleUtils] Enabling SimpleUtils vDEV - 15 (git 4250fd5e)
[14:56:27] [Server thread/INFO]: [ElectricSpawners] Enabling ElectricSpawners vDEV - 23 (git 6ec96773)
[14:56:27] [Server thread/INFO]: [DankTech2] Enabling DankTech2 vDEV - 9 (git aa6c2209)
[14:56:27] [Server thread/INFO]: [DankTech2] ########################################
[14:56:27] [Server thread/INFO]: [DankTech2]          DankTech2 - By Sefiraat        
[14:56:27] [Server thread/INFO]: [DankTech2] ########################################
[14:56:27] [Server thread/INFO]: [ExtraGear] Enabling ExtraGear vDEV - 13 (git c62047e2)
[14:56:27] [Server thread/INFO]: [EcoPower] Enabling EcoPower vDEV - 5 (git 5c1ecd68)
[14:56:27] [Server thread/INFO]: [HotbarPets] Enabling HotbarPets vDEV - 38 (git fa6c871d)
[14:56:27] [Server thread/INFO]: [SlimefunOreChunks] Enabling SlimefunOreChunks vDEV - 15 (git 2520cb23)
[14:56:27] [Server thread/INFO]: [FoxyMachines] Enabling FoxyMachines vDEV - 67 (git 0028aa93)
[14:56:27] [Server thread/INFO]: [DyedBackpacks] Enabling DyedBackpacks vDEV - 17 (git 8b329e96)
[14:56:27] [Server thread/INFO]: [Supreme] Enabling Supreme vDEV - 29 (git f9e70053)
[14:56:27] [Server thread/INFO]: [Supreme] ########################################
[14:56:27] [Server thread/INFO]: [Supreme]       Supreme 2.0  - By RelativoBR      
[14:56:27] [Server thread/INFO]: [Supreme] ########################################
[14:56:27] [Server thread/INFO]: [Supreme] Auto Update: enable
[14:56:27] [Server thread/INFO]: [Supreme] Loaded language Supreme: en-US
[14:56:27] [Server thread/INFO]: [Supreme] Legacy SupremeExpansion IDs: disable
[14:56:28] [Server thread/INFO]: [SlimeHUD] Enabling SlimeHUD vDEV - 11 (git b6dc2d53)
[14:56:28] [Server thread/INFO]: [SlimeHUD] #=================================#
[14:56:28] [Server thread/INFO]: [SlimeHUD] #    SlimeHUD by SchnTgaiSpock    #
[14:56:28] [Server thread/INFO]: [SlimeHUD] #=================================#
[14:56:28] [Server thread/INFO]: [SlimeHUD] PlaceholderAPI is not installed and has been ignored.
[14:56:28] [Server thread/INFO]: [SfChunkInfo] Enabling SfChunkInfo vDEV - 8 (git b1b94abb)
[14:56:28] [Server thread/INFO]: [SfChunkInfo] ******************************************************
[14:56:28] [Server thread/INFO]: [SfChunkInfo] *         SfChunkInfo - Created by FN_FAL113         *
[14:56:28] [Server thread/INFO]: [SfChunkInfo] *                 Addon for Slimefun                 *
[14:56:28] [Server thread/INFO]: [SfChunkInfo] *         Scan your chunk for # of sf blocks         *
[14:56:28] [Server thread/INFO]: [SfChunkInfo] ******************************************************
[14:56:28] [Server thread/INFO]: [SensibleToolbox] Enabling SensibleToolbox vUNOFFICIAL
[14:56:28] [Server thread/WARN]: [SensibleToolbox] ProtocolLib not detected - some functionality is reduced:
[14:56:28] [Server thread/WARN]: [SensibleToolbox]   No glowing items, Reduced particle effects, Sound Muffler item disabled
[14:56:28] [Server thread/INFO]: [SensibleToolbox] Connecting to local database...
[14:56:29] [Server thread/INFO]: [Quaptics] Enabling Quaptics vDEV - 4 (git cbc2e78e)
[14:56:29] [Server thread/INFO]: [Quaptics] [ACF] Enabled Asynchronous Tab Completion Support!
[14:56:29] [Server thread/INFO]: [SlimefunLuckyBlocks] Enabling SlimefunLuckyBlocks vDEV - 36 (git 60f0c8dc)
[14:56:29] [Server thread/INFO]: [SlimefunLuckyBlocks] Loaded 51 different Surprises!
[14:56:29] [Server thread/INFO]: [EMCTech] Enabling EMCTech vDEV - 5 (git c61222fb)
[14:56:29] [Server thread/INFO]: [EMCTech] ########################################
[14:56:29] [Server thread/INFO]: [EMCTech]            EMCTech by Sefiraat          
[14:56:29] [Server thread/INFO]: [EMCTech] ########################################
[14:56:29] [Server thread/INFO]: [EMCTech] [ACF] Enabled Asynchronous Tab Completion Support!
[14:56:32] [Server thread/INFO]: [EMCTech] Adding extended recipes for DankTech2
[14:56:32] [Server thread/INFO]: [EMCTech] Adding extended recipes for Infinity Expansion
[14:56:32] [Server thread/INFO]: [BetterReactor] Enabling BetterReactor vDEV - 11 (git 88a98d28)
[14:56:32] [Server thread/INFO]: [AdvancedTech] Enabling AdvancedTech vDEV - 19 (git c133bfdd)
[14:56:32] [Server thread/INFO]: Running delayed init tasks
[14:56:32] [Server thread/INFO]: [Slimefun] Now running MetricsModule build #29
[14:56:32] [Server thread/INFO]: [Slimefun] with a total of 19/19 chart(s)!
[14:56:32] [Server thread/INFO]: [Slimefun] Metrics build #29 started.
[14:56:32] [Craft Scheduler Thread - 15 - ExtraHeads/INFO]: [ExtraHeads] ExtraHeads is already up to date!
[14:56:32] [Craft Scheduler Thread - 13 - MobCapturer/INFO]: [MobCapturer] MobCapturer is already up to date!
[14:56:32] [Craft Scheduler Thread - 20 - EcoPower/INFO]: [EcoPower] EcoPower is already up to date!
[14:56:32] [Craft Scheduler Thread - 24 - DyedBackpacks/INFO]: [DyedBackpacks] DyedBackpacks is already up to date!
[14:56:32] [Craft Scheduler Thread - 14 - SoulJars/INFO]: [SoulJars] SoulJars is already up to date!
[14:56:32] [Craft Scheduler Thread - 19 - ExtraGear/INFO]: [ExtraGear] ExtraGear is already up to date!
[14:56:32] [Craft Scheduler Thread - 22 - SlimefunOreChunks/INFO]: [SlimefunOreChunks] SlimefunOreChunks is already up to date!
[14:56:32] [Craft Scheduler Thread - 9 - ColoredEnderChests/INFO]: [ColoredEnderChests] ColoredEnderChests is already up to date!
[14:56:32] [Craft Scheduler Thread - 25 - Supreme/INFO]: [Supreme] Supreme is already up to date!
[14:56:32] [Craft Scheduler Thread - 2 - ExoticGarden/INFO]: [ExoticGarden] ExoticGarden is already up to date!
[14:56:32] [Craft Scheduler Thread - 23 - FoxyMachines/INFO]: [FoxyMachines] FoxyMachines is already up to date!
[14:56:33] [Craft Scheduler Thread - 8 - InfinityExpansion/INFO]: [InfinityExpansion] InfinityExpansion is already up to date!
[14:56:33] [Craft Scheduler Thread - 6 - LiteXpansion/INFO]: [LiteXpansion] LiteXpansion is already up to date!
[14:56:33] [Craft Scheduler Thread - 1 - Slimefun/INFO]: [Slimefun] Slimefun is already up to date!
[14:56:33] [Server thread/INFO]: [Slimefun] Collecting Snapshots of all Recipes...
[14:56:33] [Server thread/INFO]: [Slimefun] Found 1,174 Recipes!
[14:56:33] [Craft Scheduler Thread - 31 - BetterReactor/INFO]: [BetterReactor] BetterReactor is already up to date!
[14:56:33] [Craft Scheduler Thread - 10 - FlowerPower/INFO]: [FlowerPower] FlowerPower is already up to date!
[14:56:33] [Craft Scheduler Thread - 27 - SfChunkInfo/INFO]: [SfChunkInfo] SfChunkInfo is already up to date!
[14:56:33] [Craft Scheduler Thread - 12 - PrivateStorage/INFO]: [PrivateStorage] PrivateStorage is already up to date!
[14:56:33] [Craft Scheduler Thread - 26 - SlimeHUD/INFO]: [SlimeHUD] SlimeHUD is already up to date!
[14:56:33] [Craft Scheduler Thread - 4 - SimpleStorage/WARN]: [SimpleStorage] Could not connect to the updating site, is it down?
java.io.FileNotFoundException: https://thebusybiscuit.github.io/builds/Sefiraat/SimpleStorage/master/builds.json
	at sun.net.www.protocol.http.HttpURLConnection.getInputStream0(HttpURLConnection.java:1994) ~[?:?]
	at sun.net.www.protocol.http.HttpURLConnection.getInputStream(HttpURLConnection.java:1599) ~[?:?]
	at sun.net.www.protocol.https.HttpsURLConnectionImpl.getInputStream(HttpsURLConnectionImpl.java:223) ~[?:?]
	at io.github.thebusybiscuit.slimefun4.libraries.dough.updater.UpdaterTask.getLatestVersion(UpdaterTask.java:64) ~[Slimefun4 - DEV 1104 (git c9774).jar:?]
	at io.github.thebusybiscuit.slimefun4.libraries.dough.updater.UpdaterTask.run(UpdaterTask.java:45) ~[Slimefun4 - DEV 1104 (git c9774).jar:?]
	at org.bukkit.craftbukkit.v1_20_R1.scheduler.CraftTask.run(CraftTask.java:101) ~[paper-1.20.1.jar:git-Paper-196]
	at org.bukkit.craftbukkit.v1_20_R1.scheduler.CraftAsyncTask.run(CraftAsyncTask.java:57) ~[paper-1.20.1.jar:git-Paper-196]
	at com.destroystokyo.paper.ServerSchedulerReportingWrapper.run(ServerSchedulerReportingWrapper.java:22) ~[paper-1.20.1.jar:?]
	at java.util.concurrent.ThreadPoolExecutor.runWorker(ThreadPoolExecutor.java:1144) ~[?:?]
	at java.util.concurrent.ThreadPoolExecutor$Worker.run(ThreadPoolExecutor.java:642) ~[?:?]
	at java.lang.Thread.run(Thread.java:1583) ~[?:?]
[14:56:33] [Craft Scheduler Thread - 7 - Netheopoiesis/INFO]: [Netheopoiesis] Netheopoiesis is already up to date!
[14:56:33] [Craft Scheduler Thread - 17 - ElectricSpawners/INFO]: [ElectricSpawners] ElectricSpawners is already up to date!
[14:56:33] [Craft Scheduler Thread - 16 - SimpleUtils/INFO]: [SimpleUtils] SimpleUtils is already up to date!
[14:56:33] [Craft Scheduler Thread - 18 - DankTech2/INFO]: [DankTech2] DankTech2 is already up to date!
[14:56:33] [Craft Scheduler Thread - 21 - HotbarPets/INFO]: [HotbarPets] HotbarPets is already up to date!
[14:56:33] [Craft Scheduler Thread - 5 - SlimyTreeTaps/INFO]: [SlimyTreeTaps] SlimyTreeTaps is already up to date!
[14:56:33] [Craft Scheduler Thread - 29 - SlimefunLuckyBlocks/INFO]: [SlimefunLuckyBlocks] SlimefunLuckyBlocks is already up to date!
[14:56:33] [Craft Scheduler Thread - 32 - AdvancedTech/INFO]: [AdvancedTech] AdvancedTech is already up to date!
[14:56:33] [Craft Scheduler Thread - 0 - Networks/INFO]: [Networks] Networks is already up to date!
[14:56:33] [Craft Scheduler Thread - 28 - Quaptics/INFO]: [Quaptics] Quaptics is already up to date!
[14:56:33] [Craft Scheduler Thread - 11 - SlimeTinker/INFO]: [SlimeTinker] SlimeTinker is already up to date!
[14:56:33] [Craft Scheduler Thread - 30 - EMCTech/INFO]: [EMCTech] EMCTech is already up to date!
[14:56:33] [Craft Scheduler Thread - 3 - FluffyMachines/INFO]: [FluffyMachines] FluffyMachines is already up to date!
[14:56:34] [Server thread/INFO]: 
[14:56:34] [Server thread/INFO]: ######################### - Slimefun vDEV - 1104 (git c977454e) - #########################
[14:56:34] [Server thread/INFO]: 
[14:56:34] [Server thread/INFO]: Successfully loaded 12659 Items and 377 Researches
[14:56:34] [Server thread/INFO]: ( 555 Items from Slimefun, 12104 Items from 33 Addons )
[14:56:34] [Server thread/INFO]: 
[14:56:34] [Server thread/INFO]: Slimefun is an Open-Source project that is kept alive by a large community.
[14:56:34] [Server thread/INFO]: Consider helping us maintain this project by contributing on GitHub!
[14:56:34] [Server thread/INFO]: 
[14:56:34] [Server thread/INFO]:  - Source Code:  https://github.com/Slimefun/Slimefun4
[14:56:34] [Server thread/INFO]:  - Wiki:         https://github.com/Slimefun/Slimefun4/wiki
[14:56:34] [Server thread/INFO]:  - Addons:       https://github.com/Slimefun/Slimefun4/wiki/Addons
[14:56:34] [Server thread/INFO]:  - Bug Reports:  https://github.com/Slimefun/Slimefun4/issues
[14:56:34] [Server thread/INFO]:  - Discord:      https://discord.gg/slimefun
[14:56:34] [Server thread/INFO]: 
[14:56:34] [Server thread/INFO]: [Slimefun] Loading Blocks for World "world"
[14:56:34] [Server thread/INFO]: [Slimefun] This may take a long time...
[14:56:34] [Server thread/INFO]: [Slimefun] Loading Blocks... 100% (FINISHED - 10ms)
[14:56:34] [Server thread/INFO]: [Slimefun] Loaded a total of 252 Blocks for World "world"
[14:56:34] [Server thread/INFO]: [Slimefun] Avg: 0.04ms/Block
[14:56:34] [Server thread/INFO]: [Slimefun] Loading Blocks for World "world_nether"
[14:56:34] [Server thread/INFO]: [Slimefun] This may take a long time...
[14:56:34] [Server thread/INFO]: [Slimefun] Loading Blocks... 100% (FINISHED - 0ms)
[14:56:34] [Server thread/INFO]: [Slimefun] Loaded a total of 0 Blocks for World "world_nether"
[14:56:34] [Server thread/INFO]: [Slimefun] Loading Blocks for World "world_the_end"
[14:56:34] [Server thread/INFO]: [Slimefun] This may take a long time...
[14:56:34] [Server thread/INFO]: [Slimefun] Loading Blocks... 100% (FINISHED - 0ms)
[14:56:34] [Server thread/INFO]: [Slimefun] Loaded a total of 0 Blocks for World "world_the_end"
[14:56:34] [Server thread/INFO]: [dough: protection] Loading Protection Modules...
[14:56:34] [Server thread/INFO]: [dough: protection] This may happen more than once.
[14:56:34] [Server thread/INFO]: [Netheopoiesis] Netheopoiesis saving data.
[14:56:34] [Server thread/WARN]: [InfinityExpansion] ########################################################
[14:56:34] [Server thread/WARN]: [InfinityExpansion] LiteXpansion nerfs energy generation in this addon.
[14:56:34] [Server thread/WARN]: [InfinityExpansion] You can disable these nerfs in the LiteXpansion config.
[14:56:34] [Server thread/WARN]: [InfinityExpansion] Under 'options:' add 'nerf-other-addons: false'
[14:56:34] [Server thread/WARN]: [InfinityExpansion] ########################################################
[14:56:35] [Server thread/INFO]: [dough: protection] Loading Protection Modules...
[14:56:35] [Server thread/INFO]: [dough: protection] This may happen more than once.
[14:56:35] [Server thread/INFO]: [DankTech2] DankTech2 saving data.
[14:56:35] [Server thread/INFO]: [EMCTech] EMCTech saving data.
[14:56:35] [Server thread/INFO]: Done (19.501s)! For help, type "help"
[14:56:35] [Server thread/INFO]: Timings Reset
[14:57:09] [Craft Scheduler Thread - 0 - Slimefun/ERROR]: [dough: skins] Exception while requesting skin: https://api.mojang.com/users/profiles/minecraft/jphipps3
[14:57:09] [Craft Scheduler Thread - 3 - Slimefun/WARN]: [Slimefun] Attempted to refresh skin cache, got this response: ExecutionException: java.io.FileNotFoundException: https://api.mojang.com/users/profiles/minecraft/jphipps3
[14:57:09] [Craft Scheduler Thread - 3 - Slimefun/WARN]: [Slimefun] This usually means mojang.com is temporarily down or started to rate-limit this connection, nothing to worry about!
[14:58:12] [Craft Scheduler Thread - 3 - Slimefun/INFO]: [Slimefun] Auto-saving block data... (Next auto-save: 10m)
[14:58:12] [Craft Scheduler Thread - 3 - Slimefun/INFO]: [Slimefun] Saving block data for world "world" (4 change(s) queued)
[14:58:18] [User Authenticator #0/INFO]: UUID of player DragonDirt is c969ed92-dcb2-30d9-9c6e-707695dd3e7f
[14:58:18] [Server thread/INFO]: DragonDirt joined the game
[14:58:18] [Server thread/INFO]: DragonDirt[/26.183.169.170:62131] logged in with entity id 328 at ([world_nether]-21.07249311143043, 70.0, -2.6575330324508615)
[14:58:37] [Server thread/INFO]: DragonDirt lost connection: Disconnected
[14:58:37] [Server thread/INFO]: DragonDirt left the game
[15:00:35] [User Authenticator #1/INFO]: UUID of player DragonDirt is c969ed92-dcb2-30d9-9c6e-707695dd3e7f
[15:00:35] [Server thread/INFO]: DragonDirt joined the game
[15:00:35] [Server thread/INFO]: DragonDirt[/26.183.169.170:62235] logged in with entity id 375 at ([world_nether]-15.39106539634849, 70.0, -1.7712048911552967)
[15:00:58] [Server thread/WARN]: DragonDirt was kicked for floating too long!
[15:00:58] [Server thread/INFO]: DragonDirt lost connection: Flying is not enabled on this server
[15:00:58] [Server thread/INFO]: DragonDirt left the game
[15:01:03] [User Authenticator #1/INFO]: UUID of player DragonDirt is c969ed92-dcb2-30d9-9c6e-707695dd3e7f
[15:01:03] [Server thread/INFO]: DragonDirt joined the game
[15:01:03] [Server thread/INFO]: DragonDirt[/26.183.169.170:62254] logged in with entity id 464 at ([world_nether]23.258464364661926, 59.66460141337135, -40.8735553330482)
[15:01:08] [Server thread/WARN]: DragonDirt was kicked for floating too long!
[15:01:08] [Server thread/INFO]: DragonDirt lost connection: Flying is not enabled on this server
[15:01:08] [Server thread/INFO]: DragonDirt left the game
[15:01:14] [User Authenticator #1/INFO]: UUID of player DragonDirt is c969ed92-dcb2-30d9-9c6e-707695dd3e7f
[15:01:14] [Server thread/INFO]: DragonDirt joined the game
[15:01:14] [Server thread/INFO]: DragonDirt[/26.183.169.170:62260] logged in with entity id 471 at ([world_nether]21.648297696770598, 59.58620141184547, -39.159126039012385)
[15:02:09] [Server thread/INFO]: DragonDirt has completed the challenge [Hot Tourist Destinations]
[15:06:32] [Server thread/INFO]: [Netheopoiesis] Netheopoiesis saving data.
[15:06:32] [Server thread/INFO]: [DankTech2] DankTech2 saving data.
[15:06:32] [Server thread/INFO]: [EMCTech] EMCTech saving data.
[15:08:12] [Craft Scheduler Thread - 32 - Slimefun/INFO]: [Slimefun] Auto-saving block data... (Next auto-save: 10m)
[15:08:12] [Craft Scheduler Thread - 32 - Slimefun/INFO]: [Slimefun] Saving block data for world "world" (1 change(s) queued)
[15:14:13] [Server thread/INFO]: DragonDirt has made the advancement [Spooky Scary Skeleton]
[15:14:17] [Server thread/INFO]: DragonDirt issued server command: /kill DragonDirt
[15:14:17] [Server thread/INFO]: DragonDirt was killed
[15:14:17] [Server thread/INFO]: [DragonDirt: Killed DragonDirt]
[15:16:32] [Server thread/INFO]: [Netheopoiesis] Netheopoiesis saving data.
[15:16:32] [Server thread/INFO]: [DankTech2] DankTech2 saving data.
[15:16:32] [Server thread/INFO]: [EMCTech] EMCTech saving data.
[15:18:12] [Craft Scheduler Thread - 37 - Slimefun/INFO]: [Slimefun] Auto-saving block data... (Next auto-save: 10m)
[15:18:12] [Craft Scheduler Thread - 37 - Slimefun/INFO]: [Slimefun] Saving block data for world "world" (1 change(s) queued)
[15:26:32] [Server thread/INFO]: [Netheopoiesis] Netheopoiesis saving data.
[15:26:32] [Server thread/INFO]: [DankTech2] DankTech2 saving data.
[15:26:32] [Server thread/INFO]: [EMCTech] EMCTech saving data.
[15:28:12] [Craft Scheduler Thread - 34 - Slimefun/INFO]: [Slimefun] Auto-saving block data... (Next auto-save: 10m)
[15:28:12] [Craft Scheduler Thread - 34 - Slimefun/INFO]: [Slimefun] Saving block data for world "world" (22 change(s) queued)
[15:34:25] [Server thread/INFO]: DragonDirt has made the advancement [Withering Heights]
[15:36:32] [Server thread/INFO]: [Netheopoiesis] Netheopoiesis saving data.
[15:36:32] [Server thread/INFO]: [DankTech2] DankTech2 saving data.
[15:36:32] [Server thread/INFO]: [EMCTech] EMCTech saving data.
[15:37:46] [Server thread/INFO]: Environment: authHost='https://authserver.mojang.com', accountsHost='https://api.mojang.com', sessionHost='https://sessionserver.mojang.com', servicesHost='https://api.minecraftservices.com', name='PROD'
[15:38:12] [Craft Scheduler Thread - 42 - Slimefun/INFO]: [Slimefun] Auto-saving block data... (Next auto-save: 10m)
[15:38:12] [Craft Scheduler Thread - 42 - Slimefun/INFO]: [Slimefun] Saving block data for world "world" (100 change(s) queued)
[15:46:32] [Server thread/INFO]: [Netheopoiesis] Netheopoiesis saving data.
[15:46:32] [Server thread/INFO]: [DankTech2] DankTech2 saving data.
[15:46:32] [Server thread/INFO]: [EMCTech] EMCTech saving data.
[15:48:12] [Craft Scheduler Thread - 0 - Slimefun/INFO]: [Slimefun] Auto-saving block data... (Next auto-save: 10m)
[15:48:12] [Craft Scheduler Thread - 0 - Slimefun/INFO]: [Slimefun] Saving block data for world "world" (2,303 change(s) queued)
[15:56:32] [Server thread/INFO]: [Netheopoiesis] Netheopoiesis saving data.
[15:56:32] [Server thread/INFO]: [DankTech2] DankTech2 saving data.
[15:56:32] [Server thread/INFO]: [EMCTech] EMCTech saving data.
[15:58:12] [Craft Scheduler Thread - 42 - Slimefun/INFO]: [Slimefun] Auto-saving block data... (Next auto-save: 10m)
[15:58:12] [Craft Scheduler Thread - 42 - Slimefun/INFO]: [Slimefun] Saving block data for world "world" (1,590 change(s) queued)
[16:06:32] [Server thread/INFO]: [Netheopoiesis] Netheopoiesis saving data.
[16:06:32] [Server thread/INFO]: [DankTech2] DankTech2 saving data.
[16:06:32] [Server thread/INFO]: [EMCTech] EMCTech saving data.
[16:08:12] [Craft Scheduler Thread - 51 - Slimefun/INFO]: [Slimefun] Auto-saving block data... (Next auto-save: 10m)
[16:08:12] [Craft Scheduler Thread - 51 - Slimefun/INFO]: [Slimefun] Saving block data for world "world" (4,103 change(s) queued)
[16:16:09] [Server thread/INFO]: DragonDirt issued server command: /sf cheat
[16:16:26] [Server thread/INFO]: DragonDirt issued server command: /sf cheat
[16:16:32] [Server thread/INFO]: [Netheopoiesis] Netheopoiesis saving data.
[16:16:32] [Server thread/INFO]: [DankTech2] DankTech2 saving data.
[16:16:32] [Server thread/INFO]: [EMCTech] EMCTech saving data.
[16:18:12] [Craft Scheduler Thread - 48 - Slimefun/INFO]: [Slimefun] Auto-saving block data... (Next auto-save: 10m)
[16:18:12] [Craft Scheduler Thread - 48 - Slimefun/INFO]: [Slimefun] Saving block data for world "world" (4,524 change(s) queued)
[16:26:32] [Server thread/INFO]: [Netheopoiesis] Netheopoiesis saving data.
[16:26:32] [Server thread/INFO]: [DankTech2] DankTech2 saving data.
[16:26:32] [Server thread/INFO]: [EMCTech] EMCTech saving data.
[16:28:12] [Craft Scheduler Thread - 57 - Slimefun/INFO]: [Slimefun] Auto-saving block data... (Next auto-save: 10m)
[16:28:12] [Craft Scheduler Thread - 57 - Slimefun/INFO]: [Slimefun] Saving block data for world "world" (7,666 change(s) queued)
[16:36:32] [Server thread/INFO]: [Netheopoiesis] Netheopoiesis saving data.
[16:36:32] [Server thread/INFO]: [DankTech2] DankTech2 saving data.
[16:36:32] [Server thread/INFO]: [EMCTech] EMCTech saving data.
[16:38:12] [Craft Scheduler Thread - 61 - Slimefun/INFO]: [Slimefun] Auto-saving block data... (Next auto-save: 10m)
[16:38:12] [Craft Scheduler Thread - 61 - Slimefun/INFO]: [Slimefun] Saving block data for world "world" (4,965 change(s) queued)
[16:46:32] [Server thread/INFO]: [Netheopoiesis] Netheopoiesis saving data.
[16:46:32] [Server thread/INFO]: [DankTech2] DankTech2 saving data.
[16:46:32] [Server thread/INFO]: [EMCTech] EMCTech saving data.
[16:48:12] [Craft Scheduler Thread - 62 - Slimefun/INFO]: [Slimefun] Auto-saving block data... (Next auto-save: 10m)
[16:48:12] [Craft Scheduler Thread - 62 - Slimefun/INFO]: [Slimefun] Saving block data for world "world" (1,611 change(s) queued)
[16:48:12] [Craft Scheduler Thread - 62 - Slimefun/INFO]: [Slimefun] Saving block data for world "world_nether" (100 change(s) queued)
[16:56:32] [Server thread/INFO]: [Netheopoiesis] Netheopoiesis saving data.
[16:56:32] [Server thread/INFO]: [DankTech2] DankTech2 saving data.
[16:56:32] [Server thread/INFO]: [EMCTech] EMCTech saving data.
[16:57:31] [Server thread/INFO]: DragonDirt issued server command: /gamerule mobExplosionDropDecay
[16:58:00] [Server thread/INFO]: DragonDirt issued server command: /gamerule mobGriefing
[16:58:01] [Server thread/INFO]: DragonDirt issued server command: /gamerule mobGriefing false
[16:58:01] [Server thread/INFO]: [DragonDirt: Gamerule mobGriefing is now set to: false]
[16:58:12] [Craft Scheduler Thread - 67 - Slimefun/INFO]: [Slimefun] Auto-saving block data... (Next auto-save: 10m)
[16:58:12] [Craft Scheduler Thread - 67 - Slimefun/INFO]: [Slimefun] Saving block data for world "world" (5,159 change(s) queued)
[16:58:12] [Craft Scheduler Thread - 67 - Slimefun/INFO]: [Slimefun] Saving block data for world "world_nether" (34 change(s) queued)
[17:06:32] [Server thread/INFO]: [Netheopoiesis] Netheopoiesis saving data.
[17:06:32] [Server thread/INFO]: [DankTech2] DankTech2 saving data.
[17:06:32] [Server thread/INFO]: [EMCTech] EMCTech saving data.
[17:08:12] [Craft Scheduler Thread - 67 - Slimefun/INFO]: [Slimefun] Auto-saving block data... (Next auto-save: 10m)
[17:08:12] [Craft Scheduler Thread - 67 - Slimefun/INFO]: [Slimefun] Saving block data for world "world" (2,047 change(s) queued)
[17:08:12] [Craft Scheduler Thread - 67 - Slimefun/INFO]: [Slimefun] Saving block data for world "world_nether" (1 change(s) queued)
[17:16:32] [Server thread/INFO]: [Netheopoiesis] Netheopoiesis saving data.
[17:16:32] [Server thread/INFO]: [DankTech2] DankTech2 saving data.
[17:16:32] [Server thread/INFO]: [EMCTech] EMCTech saving data.
[17:18:12] [Craft Scheduler Thread - 67 - Slimefun/INFO]: [Slimefun] Auto-saving block data... (Next auto-save: 10m)
[17:18:12] [Craft Scheduler Thread - 67 - Slimefun/INFO]: [Slimefun] Saving block data for world "world" (128 change(s) queued)
[17:18:12] [Craft Scheduler Thread - 67 - Slimefun/INFO]: [Slimefun] Saving block data for world "world_nether" (1 change(s) queued)
[17:26:32] [Server thread/INFO]: [Netheopoiesis] Netheopoiesis saving data.
[17:26:32] [Server thread/INFO]: [DankTech2] DankTech2 saving data.
[17:26:32] [Server thread/INFO]: [EMCTech] EMCTech saving data.
[17:28:12] [Craft Scheduler Thread - 76 - Slimefun/INFO]: [Slimefun] Auto-saving block data... (Next auto-save: 10m)
[17:28:12] [Craft Scheduler Thread - 76 - Slimefun/INFO]: [Slimefun] Saving block data for world "world" (2 change(s) queued)
[17:28:12] [Craft Scheduler Thread - 76 - Slimefun/INFO]: [Slimefun] Saving block data for world "world_nether" (1 change(s) queued)
[17:36:32] [Server thread/INFO]: [Netheopoiesis] Netheopoiesis saving data.
[17:36:32] [Server thread/INFO]: [DankTech2] DankTech2 saving data.
[17:36:32] [Server thread/INFO]: [EMCTech] EMCTech saving data.
[17:38:12] [Craft Scheduler Thread - 82 - Slimefun/INFO]: [Slimefun] Auto-saving block data... (Next auto-save: 10m)
[17:38:12] [Craft Scheduler Thread - 82 - Slimefun/INFO]: [Slimefun] Saving block data for world "world" (2 change(s) queued)
[17:38:12] [Craft Scheduler Thread - 82 - Slimefun/INFO]: [Slimefun] Saving block data for world "world_nether" (1 change(s) queued)
[17:46:32] [Server thread/INFO]: [Netheopoiesis] Netheopoiesis saving data.
[17:46:32] [Server thread/INFO]: [DankTech2] DankTech2 saving data.
[17:46:32] [Server thread/INFO]: [EMCTech] EMCTech saving data.
[17:48:12] [Craft Scheduler Thread - 83 - Slimefun/INFO]: [Slimefun] Auto-saving block data... (Next auto-save: 10m)
[17:48:12] [Craft Scheduler Thread - 83 - Slimefun/INFO]: [Slimefun] Saving block data for world "world" (360 change(s) queued)
[17:48:12] [Craft Scheduler Thread - 83 - Slimefun/INFO]: [Slimefun] Saving block data for world "world_nether" (1 change(s) queued)
[17:55:59] [Server thread/INFO]: DragonDirt has completed the challenge [Cover Me in Debris]
[17:56:32] [Server thread/INFO]: [Netheopoiesis] Netheopoiesis saving data.
[17:56:32] [Server thread/INFO]: [DankTech2] DankTech2 saving data.
[17:56:32] [Server thread/INFO]: [EMCTech] EMCTech saving data.
[17:58:12] [Craft Scheduler Thread - 85 - Slimefun/INFO]: [Slimefun] Auto-saving block data... (Next auto-save: 10m)
[17:58:12] [Craft Scheduler Thread - 85 - Slimefun/INFO]: [Slimefun] Saving block data for world "world" (3,082 change(s) queued)
[17:58:12] [Craft Scheduler Thread - 85 - Slimefun/INFO]: [Slimefun] Saving block data for world "world_nether" (1 change(s) queued)
[18:03:05] [Server thread/INFO]: DragonDirt issued server command: /sf cheat
[18:06:32] [Server thread/INFO]: [Netheopoiesis] Netheopoiesis saving data.
[18:06:32] [Server thread/INFO]: [DankTech2] DankTech2 saving data.
[18:06:32] [Server thread/INFO]: [EMCTech] EMCTech saving data.
[18:08:12] [Craft Scheduler Thread - 85 - Slimefun/INFO]: [Slimefun] Auto-saving block data... (Next auto-save: 10m)
[18:08:12] [Craft Scheduler Thread - 85 - Slimefun/INFO]: [Slimefun] Saving block data for world "world" (948 change(s) queued)
[18:08:12] [Craft Scheduler Thread - 85 - Slimefun/INFO]: [Slimefun] Saving block data for world "world_nether" (1 change(s) queued)
[18:16:20] [Server thread/INFO]: DragonDirt has reached the goal [Sky's the Limit]
[18:16:32] [Server thread/INFO]: [Netheopoiesis] Netheopoiesis saving data.
[18:16:32] [Server thread/INFO]: [DankTech2] DankTech2 saving data.
[18:16:32] [Server thread/INFO]: [EMCTech] EMCTech saving data.
[18:18:12] [Craft Scheduler Thread - 90 - Slimefun/INFO]: [Slimefun] Auto-saving block data... (Next auto-save: 10m)
[18:18:12] [Craft Scheduler Thread - 90 - Slimefun/INFO]: [Slimefun] Saving block data for world "world" (2,473 change(s) queued)
[18:18:12] [Craft Scheduler Thread - 90 - Slimefun/INFO]: [Slimefun] Saving block data for world "world_nether" (1 change(s) queued)
[18:19:08] [Server thread/INFO]: DragonDirt issued server command: /sf cheat
[18:26:32] [Server thread/INFO]: [Netheopoiesis] Netheopoiesis saving data.
[18:26:32] [Server thread/INFO]: [DankTech2] DankTech2 saving data.
[18:26:32] [Server thread/INFO]: [EMCTech] EMCTech saving data.
[18:28:12] [Craft Scheduler Thread - 90 - Slimefun/INFO]: [Slimefun] Auto-saving block data... (Next auto-save: 10m)
[18:28:12] [Craft Scheduler Thread - 90 - Slimefun/INFO]: [Slimefun] Saving block data for world "world" (6,304 change(s) queued)
[18:28:12] [Craft Scheduler Thread - 90 - Slimefun/INFO]: [Slimefun] Saving block data for world "world_nether" (1 change(s) queued)
[18:30:09] [Server thread/WARN]: DragonDirt moved too quickly! -30.050828260290473,-7.687507709194932,4.607495112659237
[18:30:55] [Server thread/INFO]: DragonDirt issued server command: /kill DragonDirt
[18:30:55] [Server thread/INFO]: DragonDirt was killed
[18:30:55] [Server thread/INFO]: [DragonDirt: Killed DragonDirt]
[18:31:30] [Server thread/INFO]: DragonDirt issued server command: /sf guide
[18:31:45] [Server thread/INFO]: DragonDirt issued server command: /fly speed
[18:31:48] [Server thread/INFO]: DragonDirt issued server command: /speed
[18:32:12] [Server thread/INFO]: DragonDirt issued server command: /gamerule keepInventory
[18:32:17] [Server thread/INFO]: DragonDirt issued server command: /gamerule keepInventory true
[18:32:17] [Server thread/INFO]: [DragonDirt: Gamerule keepInventory is now set to: true]
[18:32:51] [Server thread/INFO]: DragonDirt issued server command: /pl
[18:33:56] [Server thread/INFO]: DragonDirt issued server command: /back
[18:34:38] [Server thread/INFO]: DragonDirt issued server command: /kill DragonDirt
[18:34:38] [Server thread/INFO]: DragonDirt was killed
[18:34:38] [Server thread/INFO]: [DragonDirt: Killed DragonDirt]
[18:36:32] [Server thread/INFO]: [Netheopoiesis] Netheopoiesis saving data.
[18:36:32] [Server thread/INFO]: [DankTech2] DankTech2 saving data.
[18:36:32] [Server thread/INFO]: [EMCTech] EMCTech saving data.
[18:37:08] [Server thread/INFO]: DragonDirt issued server command: /gamemode creative
[18:37:08] [Server thread/INFO]: [DragonDirt: Set own game mode to Creative Mode]
[18:37:26] [Server thread/INFO]: DragonDirt issued server command: /gamemode survival
[18:37:26] [Server thread/INFO]: [DragonDirt: Set own game mode to Survival Mode]
[18:38:12] [Craft Scheduler Thread - 95 - Slimefun/INFO]: [Slimefun] Auto-saving block data... (Next auto-save: 10m)
[18:38:12] [Craft Scheduler Thread - 95 - Slimefun/INFO]: [Slimefun] Saving block data for world "world" (60 change(s) queued)
[18:38:12] [Craft Scheduler Thread - 95 - Slimefun/INFO]: [Slimefun] Saving block data for world "world_nether" (1 change(s) queued)
[18:39:00] [Server thread/INFO]: DragonDirt issued server command: /sf cheat
[18:39:51] [Server thread/INFO]: DragonDirt issued server command: /kill DragonDirt
[18:39:51] [Server thread/INFO]: DragonDirt was killed
[18:39:51] [Server thread/INFO]: [DragonDirt: Killed DragonDirt]
[18:41:37] [Server thread/INFO]: DragonDirt issued server command: /sf cheat
[18:41:52] [Server thread/INFO]: DragonDirt issued server command: /sf cheat
[18:46:32] [Server thread/INFO]: [Netheopoiesis] Netheopoiesis saving data.
[18:46:32] [Server thread/INFO]: [DankTech2] DankTech2 saving data.
[18:46:32] [Server thread/INFO]: [EMCTech] EMCTech saving data.
[18:48:12] [Craft Scheduler Thread - 100 - Slimefun/INFO]: [Slimefun] Auto-saving block data... (Next auto-save: 10m)
[18:48:12] [Craft Scheduler Thread - 100 - Slimefun/INFO]: [Slimefun] Saving block data for world "world" (1,315 change(s) queued)
[18:48:12] [Craft Scheduler Thread - 100 - Slimefun/INFO]: [Slimefun] Saving block data for world "world_nether" (1 change(s) queued)
[18:56:32] [Server thread/INFO]: [Netheopoiesis] Netheopoiesis saving data.
[18:56:32] [Server thread/INFO]: [DankTech2] DankTech2 saving data.
[18:56:32] [Server thread/INFO]: [EMCTech] EMCTech saving data.
[18:58:12] [Craft Scheduler Thread - 99 - Slimefun/INFO]: [Slimefun] Auto-saving block data... (Next auto-save: 10m)
[18:58:12] [Craft Scheduler Thread - 99 - Slimefun/INFO]: [Slimefun] Saving block data for world "world" (12,916 change(s) queued)
[18:58:12] [Craft Scheduler Thread - 99 - Slimefun/INFO]: [Slimefun] Saving block data for world "world_nether" (1 change(s) queued)
[18:58:57] [Server thread/INFO]: DragonDirt issued server command: /seed
[19:02:33] [Server thread/WARN]: DragonDirt moved wrongly!
[19:05:41] [Server thread/INFO]: DragonDirt issued server command: /gamerule keepInventory
[19:05:44] [Server thread/INFO]: DragonDirt issued server command: /kill DragonDirt
[19:05:44] [Server thread/INFO]: DragonDirt was killed
[19:05:44] [Server thread/INFO]: [DragonDirt: Killed DragonDirt]
[19:06:32] [Server thread/INFO]: [Netheopoiesis] Netheopoiesis saving data.
[19:06:32] [Server thread/INFO]: [DankTech2] DankTech2 saving data.
[19:06:32] [Server thread/INFO]: [EMCTech] EMCTech saving data.
[19:08:12] [Craft Scheduler Thread - 99 - Slimefun/INFO]: [Slimefun] Auto-saving block data... (Next auto-save: 10m)
[19:08:12] [Craft Scheduler Thread - 99 - Slimefun/INFO]: [Slimefun] Saving block data for world "world" (8,236 change(s) queued)
[19:08:12] [Craft Scheduler Thread - 99 - Slimefun/INFO]: [Slimefun] Saving block data for world "world_nether" (2 change(s) queued)
[19:11:18] [Server thread/INFO]: DragonDirt issued server command: /kill DragonDirt
[19:11:18] [Server thread/INFO]: DragonDirt was killed
[19:11:18] [Server thread/INFO]: [DragonDirt: Killed DragonDirt]
[19:16:32] [Server thread/INFO]: [Netheopoiesis] Netheopoiesis saving data.
[19:16:32] [Server thread/INFO]: [DankTech2] DankTech2 saving data.
[19:16:32] [Server thread/INFO]: [EMCTech] EMCTech saving data.
[19:18:12] [Craft Scheduler Thread - 101 - Slimefun/INFO]: [Slimefun] Auto-saving block data... (Next auto-save: 10m)
[19:18:12] [Craft Scheduler Thread - 101 - Slimefun/INFO]: [Slimefun] Saving block data for world "world" (9,094 change(s) queued)
[19:18:12] [Server thread/INFO]: [Slimefun] Auto-saved all player data for 1 player(s)!
[19:18:12] [Craft Scheduler Thread - 101 - Slimefun/INFO]: [Slimefun] Saving block data for world "world_nether" (2 change(s) queued)
[19:26:32] [Server thread/INFO]: [Netheopoiesis] Netheopoiesis saving data.
[19:26:32] [Server thread/INFO]: [DankTech2] DankTech2 saving data.
[19:26:32] [Server thread/INFO]: [EMCTech] EMCTech saving data.
[19:28:12] [Craft Scheduler Thread - 110 - Slimefun/INFO]: [Slimefun] Auto-saving block data... (Next auto-save: 10m)
[19:28:12] [Craft Scheduler Thread - 110 - Slimefun/INFO]: [Slimefun] Saving block data for world "world" (18,427 change(s) queued)
[19:28:12] [Craft Scheduler Thread - 110 - Slimefun/INFO]: [Slimefun] Saving block data for world "world_nether" (1 change(s) queued)
[19:29:36] [Server thread/INFO]: DragonDirt has made the advancement [Fishy Business]
[19:29:52] [Server thread/WARN]: Can't keep up! Is the server overloaded? Running 5224ms or 104 ticks behind
[19:30:57] [Server thread/INFO]: DragonDirt issued server command: /sf open_guide
[19:35:54] [Server thread/WARN]: DragonDirt moved too quickly! 2227.356007244417,-3.0,-2840.1967468533107
[19:36:37] [Server thread/INFO]: [Netheopoiesis] Netheopoiesis saving data.
[19:36:37] [Server thread/INFO]: [DankTech2] DankTech2 saving data.
[19:36:37] [Server thread/INFO]: [EMCTech] EMCTech saving data.
[19:37:36] [Server thread/INFO]: DragonDirt issued server command: /night
[19:37:41] [Server thread/INFO]: DragonDirt issued server command: /time set 18000
[19:37:41] [Server thread/INFO]: [DragonDirt: Set the time to 18000]
[19:38:17] [Craft Scheduler Thread - 108 - Slimefun/INFO]: [Slimefun] Auto-saving block data... (Next auto-save: 10m)
[19:38:17] [Craft Scheduler Thread - 108 - Slimefun/INFO]: [Slimefun] Saving block data for world "world" (12,026 change(s) queued)
[19:38:17] [Craft Scheduler Thread - 108 - Slimefun/INFO]: [Slimefun] Saving block data for world "world_nether" (1 change(s) queued)
[19:41:56] [Server thread/INFO]: DragonDirt issued server command: /kill DragonDirt
[19:41:56] [Server thread/INFO]: DragonDirt was killed
[19:41:56] [Server thread/INFO]: [DragonDirt: Killed DragonDirt]
[19:43:25] [Server thread/WARN]: Can't keep up! Is the server overloaded? Running 7684ms or 153 ticks behind
[19:46:45] [Server thread/INFO]: [Netheopoiesis] Netheopoiesis saving data.
[19:46:45] [Server thread/INFO]: [DankTech2] DankTech2 saving data.
[19:46:45] [Server thread/INFO]: [EMCTech] EMCTech saving data.
[19:48:25] [Craft Scheduler Thread - 116 - Slimefun/INFO]: [Slimefun] Auto-saving block data... (Next auto-save: 10m)
[19:48:25] [Craft Scheduler Thread - 116 - Slimefun/INFO]: [Slimefun] Saving block data for world "world" (8,337 change(s) queued)
[19:48:25] [Craft Scheduler Thread - 116 - Slimefun/INFO]: [Slimefun] Saving block data for world "world_nether" (1 change(s) queued)
[19:56:45] [Server thread/INFO]: [Netheopoiesis] Netheopoiesis saving data.
[19:56:45] [Server thread/INFO]: [DankTech2] DankTech2 saving data.
[19:56:45] [Server thread/INFO]: [EMCTech] EMCTech saving data.
[19:58:25] [Craft Scheduler Thread - 120 - Slimefun/INFO]: [Slimefun] Auto-saving block data... (Next auto-save: 10m)
[19:58:25] [Craft Scheduler Thread - 120 - Slimefun/INFO]: [Slimefun] Saving block data for world "world" (12,713 change(s) queued)
[19:58:25] [Craft Scheduler Thread - 120 - Slimefun/INFO]: [Slimefun] Saving block data for world "world_nether" (1 change(s) queued)
[20:03:20] [Paper Watchdog Thread/ERROR]: --- DO NOT REPORT THIS TO PAPER - THIS IS NOT A BUG OR A CRASH  - git-Paper-196 (MC: 1.20.1) ---
[20:03:20] [Paper Watchdog Thread/ERROR]: The server has not responded for 10 seconds! Creating thread dump
[20:03:20] [Paper Watchdog Thread/ERROR]: ------------------------------
[20:03:20] [Paper Watchdog Thread/ERROR]: Server thread dump (Look for plugins here before reporting to Paper!):
[20:03:20] [Paper Watchdog Thread/ERROR]: ------------------------------
[20:03:20] [Paper Watchdog Thread/ERROR]: Current Thread: Server thread
[20:03:20] [Paper Watchdog Thread/ERROR]: 	PID: 44 | Suspended: false | Native: true | State: RUNNABLE
[20:03:20] [Paper Watchdog Thread/ERROR]: 	Stack:
[20:03:20] [Paper Watchdog Thread/ERROR]: 		java.base@21.0.1/java.io.FileOutputStream.open0(Native Method)
[20:03:20] [Paper Watchdog Thread/ERROR]: 		java.base@21.0.1/java.io.FileOutputStream.open(FileOutputStream.java:289)
[20:03:20] [Paper Watchdog Thread/ERROR]: 		java.base@21.0.1/java.io.FileOutputStream.<init>(FileOutputStream.java:230)
[20:03:20] [Paper Watchdog Thread/ERROR]: 		java.base@21.0.1/java.io.FileOutputStream.<init>(FileOutputStream.java:179)
[20:03:20] [Paper Watchdog Thread/ERROR]: 		org.bukkit.configuration.file.FileConfiguration.save(FileConfiguration.java:67)
[20:03:20] [Paper Watchdog Thread/ERROR]: 		Simple-Storage - DEV 10 (git ea5e5).jar//io.github.sefiraat.simplestorage.configuration.ManagerConfiguration.saveChestConfig(ManagerConfiguration.java:75)
[20:03:20] [Paper Watchdog Thread/ERROR]: 		Simple-Storage - DEV 10 (git ea5e5).jar//io.github.sefiraat.simplestorage.configuration.ManagerConfiguration.saveAdditionalConfigs(ManagerConfiguration.java:56)
[20:03:20] [Paper Watchdog Thread/ERROR]: 		Simple-Storage - DEV 10 (git ea5e5).jar//io.github.sefiraat.simplestorage.runnables.RunnableSave.run(RunnableSave.java:16)
[20:03:20] [Paper Watchdog Thread/ERROR]: 		org.bukkit.craftbukkit.v1_20_R1.scheduler.CraftTask.run(CraftTask.java:101)
[20:03:20] [Paper Watchdog Thread/ERROR]: 		org.bukkit.craftbukkit.v1_20_R1.scheduler.CraftScheduler.mainThreadHeartbeat(CraftScheduler.java:480)
[20:03:20] [Paper Watchdog Thread/ERROR]: 		net.minecraft.server.MinecraftServer.tickChildren(MinecraftServer.java:1479)
[20:03:20] [Paper Watchdog Thread/ERROR]: 		net.minecraft.server.dedicated.DedicatedServer.tickChildren(DedicatedServer.java:446)
[20:03:20] [Paper Watchdog Thread/ERROR]: 		net.minecraft.server.MinecraftServer.tickServer(MinecraftServer.java:1393)
[20:03:20] [Paper Watchdog Thread/ERROR]: 		net.minecraft.server.MinecraftServer.runServer(MinecraftServer.java:1170)
[20:03:20] [Paper Watchdog Thread/ERROR]: 		net.minecraft.server.MinecraftServer.lambda$spin$0(MinecraftServer.java:317)
[20:03:20] [Paper Watchdog Thread/ERROR]: 		net.minecraft.server.MinecraftServer$$Lambda/0x000002261fa42f88.run(Unknown Source)
[20:03:20] [Paper Watchdog Thread/ERROR]: 		java.base@21.0.1/java.lang.Thread.runWith(Thread.java:1596)
[20:03:20] [Paper Watchdog Thread/ERROR]: 		java.base@21.0.1/java.lang.Thread.run(Thread.java:1583)
[20:03:20] [Paper Watchdog Thread/ERROR]: ------------------------------
[20:03:20] [Paper Watchdog Thread/ERROR]: --- DO NOT REPORT THIS TO PAPER - THIS IS NOT A BUG OR A CRASH ---
[20:03:20] [Paper Watchdog Thread/ERROR]: ------------------------------
[20:03:21] [Server thread/WARN]: Can't keep up! Is the server overloaded? Running 10615ms or 212 ticks behind
[20:04:04] [Server thread/INFO]: Stopping the server
[20:04:04] [Server thread/INFO]: Stopping server
[20:04:04] [Server thread/INFO]: [AdvancedTech] Disabling AdvancedTech vDEV - 19 (git c133bfdd)
[20:04:04] [Server thread/INFO]: [BetterReactor] Disabling BetterReactor vDEV - 11 (git 88a98d28)
[20:04:04] [Server thread/INFO]: [EMCTech] Disabling EMCTech vDEV - 5 (git c61222fb)
[20:04:04] [Server thread/INFO]: [EMCTech] EMCTech saving data.
[20:04:04] [Server thread/INFO]: [SlimefunLuckyBlocks] Disabling SlimefunLuckyBlocks vDEV - 36 (git 60f0c8dc)
[20:04:04] [Server thread/INFO]: [Quaptics] Disabling Quaptics vDEV - 4 (git cbc2e78e)
[20:04:04] [Server thread/INFO]: [SensibleToolbox] Disabling SensibleToolbox vUNOFFICIAL
[20:04:04] [Server thread/INFO]: [SfChunkInfo] Disabling SfChunkInfo vDEV - 8 (git b1b94abb)
[20:04:04] [Server thread/INFO]: [SlimeHUD] Disabling SlimeHUD vDEV - 11 (git b6dc2d53)
[20:04:04] [Server thread/INFO]: [Supreme] Disabling Supreme vDEV - 29 (git f9e70053)
[20:04:04] [Server thread/INFO]: [DyedBackpacks] Disabling DyedBackpacks vDEV - 17 (git 8b329e96)
[20:04:04] [Server thread/INFO]: [FoxyMachines] Disabling FoxyMachines vDEV - 67 (git 0028aa93)
[20:04:04] [Server thread/INFO]: [SlimefunOreChunks] Disabling SlimefunOreChunks vDEV - 15 (git 2520cb23)
[20:04:04] [Server thread/INFO]: [HotbarPets] Disabling HotbarPets vDEV - 38 (git fa6c871d)
[20:04:04] [Server thread/INFO]: [EcoPower] Disabling EcoPower vDEV - 5 (git 5c1ecd68)
[20:04:04] [Server thread/INFO]: [ExtraGear] Disabling ExtraGear vDEV - 13 (git c62047e2)
[20:04:04] [Server thread/INFO]: [DankTech2] Disabling DankTech2 vDEV - 9 (git aa6c2209)
[20:04:04] [Server thread/INFO]: [DankTech2] DankTech2 saving data.
[20:04:04] [Server thread/INFO]: [ElectricSpawners] Disabling ElectricSpawners vDEV - 23 (git 6ec96773)
[20:04:04] [Server thread/INFO]: [SimpleUtils] Disabling SimpleUtils vDEV - 15 (git 4250fd5e)
[20:04:04] [Server thread/INFO]: [ExtraHeads] Disabling ExtraHeads vDEV - 25 (git 8c29f73a)
[20:04:04] [Server thread/INFO]: [SoulJars] Disabling SoulJars vDEV - 24 (git 78d1c6fa)
[20:04:04] [Server thread/INFO]: [MobCapturer] Disabling MobCapturer vDEV - 33 (git 6fc26c35)
[20:04:04] [Server thread/INFO]: [PrivateStorage] Disabling PrivateStorage vDEV - 18 (git 5832db21)
[20:04:04] [Server thread/INFO]: [SlimeTinker] Disabling SlimeTinker vDEV - 84 (git 2c9f6155)
[20:04:04] [Server thread/INFO]: [FlowerPower] Disabling FlowerPower vDEV - 16 (git 5a38d1c6)
[20:04:04] [Server thread/INFO]: [ColoredEnderChests] Disabling ColoredEnderChests vDEV - 23 (git 4d041832)
[20:04:04] [Server thread/INFO]: [FluffyMachines] Disabling FluffyMachines vDEV - 132 (git ccf029ba)
[20:04:04] [Server thread/INFO]: [SimpleStorage] Disabling SimpleStorage vDEV - 10 (git ea5e5637)
[20:04:04] [Server thread/INFO]: [ExoticGarden] Disabling ExoticGarden vDEV - 78 (git 7f9a5f63)
[20:04:04] [Server thread/INFO]: [Networks] Disabling Networks vDEV - 50 (git 3de3c9d6)
[20:04:04] [Server thread/INFO]: [InfinityExpansion] Disabling InfinityExpansion vDEV - 144 (git 9da37202)
[20:04:04] [Server thread/INFO]: [Netheopoiesis] Disabling Netheopoiesis vDEV - 18 (git 9d12cc6f)
[20:04:04] [Server thread/INFO]: [Netheopoiesis] Netheopoiesis saving data.
[20:04:04] [Server thread/INFO]: [LiteXpansion] Disabling LiteXpansion vDEV - 192 (git 661862ed)
[20:04:04] [Server thread/INFO]: [SlimyTreeTaps] Disabling SlimyTreeTaps vDEV - 20 (git 963f0383)
[20:04:04] [Server thread/INFO]: [Slimefun] Disabling Slimefun vDEV - 1104 (git c977454e)
[20:04:04] [Server thread/INFO]: [Slimefun] Saving block data for world "world" (7,115 change(s) queued)
[20:04:04] [Server thread/INFO]: [Slimefun] Saving block data for world "world_nether" (1 change(s) queued)
[20:04:04] [Server thread/INFO]: [Slimefun] Backed up Slimefun data to: 2023-11-16-20-04.zip
[20:04:04] [Server thread/INFO]: Saving players
[20:04:04] [Server thread/INFO]: DragonDirt lost connection: Server closed
[20:04:04] [Server thread/INFO]: DragonDirt left the game
[20:04:04] [Server thread/INFO]: Saving worlds
[20:04:04] [Server thread/INFO]: Saving chunks for level 'ServerLevel[world]'/minecraft:overworld
[20:04:04] [Server thread/INFO]: [ChunkHolderManager] Waiting 60s for chunk system to halt for world 'world'
[20:04:04] [Server thread/INFO]: [ChunkHolderManager] Halted chunk system for world 'world'
[20:04:04] [Server thread/INFO]: [ChunkHolderManager] Saving all chunkholders for world 'world'
[20:04:05] [Server thread/INFO]: [ChunkHolderManager] Saved 312 block chunks, 349 entity chunks, 5 poi chunks in world 'world' in 0.70s
[20:04:05] [Server thread/INFO]: ThreadedAnvilChunkStorage (world): All chunks are saved
[20:04:05] [Server thread/INFO]: Saving chunks for level 'ServerLevel[world_nether]'/minecraft:the_nether
[20:04:05] [Server thread/INFO]: [ChunkHolderManager] Waiting 60s for chunk system to halt for world 'world_nether'
[20:04:05] [Server thread/INFO]: [ChunkHolderManager] Halted chunk system for world 'world_nether'
[20:04:05] [Server thread/INFO]: [ChunkHolderManager] Saving all chunkholders for world 'world_nether'
[20:04:06] [Server thread/INFO]: [ChunkHolderManager] Saved 502 block chunks, 145 entity chunks, 0 poi chunks in world 'world_nether' in 0.59s
[20:04:06] [Server thread/INFO]: ThreadedAnvilChunkStorage (DIM-1): All chunks are saved
[20:04:06] [Server thread/INFO]: Saving chunks for level 'ServerLevel[world_the_end]'/minecraft:the_end
[20:04:06] [Server thread/INFO]: [ChunkHolderManager] Waiting 60s for chunk system to halt for world 'world_the_end'
[20:04:06] [Server thread/INFO]: [ChunkHolderManager] Halted chunk system for world 'world_the_end'
[20:04:06] [Server thread/INFO]: [ChunkHolderManager] Saving all chunkholders for world 'world_the_end'
[20:04:06] [Server thread/INFO]: [ChunkHolderManager] Saved 10 block chunks, 10 entity chunks, 0 poi chunks in world 'world_the_end' in 0.01s
[20:04:06] [Server thread/INFO]: ThreadedAnvilChunkStorage (DIM1): All chunks are saved
[20:04:06] [Server thread/INFO]: ThreadedAnvilChunkStorage: All dimensions are saved
[20:04:06] [Server thread/INFO]: Flushing Chunk IO
[20:04:06] [Server thread/INFO]: Closing Thread Pool
[20:04:06] [Server thread/INFO]: Closing Server
